--- Copying files at Mon Mar 14 13:20:48 UTC 2016
/usr/share/jenkins/ref/init.groovy.d/executors.groovy
 /usr/share/jenkins/ref/init.groovy.d/executors.groovy -> init.groovy.d/executors.groovy
copy init.groovy.d/executors.groovy to JENKINS_HOME
/usr/share/jenkins/ref/init.groovy.d/tcp-slave-agent-port.groovy
 /usr/share/jenkins/ref/init.groovy.d/tcp-slave-agent-port.groovy -> init.groovy.d/tcp-slave-agent-port.groovy
copy init.groovy.d/tcp-slave-agent-port.groovy to JENKINS_HOME
--- Copying files at Mon Mar 14 13:25:16 UTC 2016
/usr/share/jenkins/ref/init.groovy.d/executors.groovy
 /usr/share/jenkins/ref/init.groovy.d/executors.groovy -> init.groovy.d/executors.groovy
/usr/share/jenkins/ref/init.groovy.d/tcp-slave-agent-port.groovy
 /usr/share/jenkins/ref/init.groovy.d/tcp-slave-agent-port.groovy -> init.groovy.d/tcp-slave-agent-port.groovy
--- Copying files at Fri Mar 18 22:39:09 UTC 2016
/usr/share/jenkins/ref/init.groovy.d/executors.groovy
 /usr/share/jenkins/ref/init.groovy.d/executors.groovy -> init.groovy.d/executors.groovy
/usr/share/jenkins/ref/init.groovy.d/tcp-slave-agent-port.groovy
 /usr/share/jenkins/ref/init.groovy.d/tcp-slave-agent-port.groovy -> init.groovy.d/tcp-slave-agent-port.groovy
--- Copying files at Sat Mar 19 00:00:14 UTC 2016
/usr/share/jenkins/ref/init.groovy.d/executors.groovy
 /usr/share/jenkins/ref/init.groovy.d/executors.groovy -> init.groovy.d/executors.groovy
/usr/share/jenkins/ref/init.groovy.d/tcp-slave-agent-port.groovy
 /usr/share/jenkins/ref/init.groovy.d/tcp-slave-agent-port.groovy -> init.groovy.d/tcp-slave-agent-port.groovy
--- Copying files at Sat Mar 19 00:17:49 UTC 2016
/usr/share/jenkins/ref/init.groovy.d/executors.groovy
 /usr/share/jenkins/ref/init.groovy.d/executors.groovy -> init.groovy.d/executors.groovy
/usr/share/jenkins/ref/init.groovy.d/tcp-slave-agent-port.groovy
 /usr/share/jenkins/ref/init.groovy.d/tcp-slave-agent-port.groovy -> init.groovy.d/tcp-slave-agent-port.groovy
--- Copying files at Sat Mar 19 00:24:54 UTC 2016
/usr/share/jenkins/ref/init.groovy.d/executors.groovy
 /usr/share/jenkins/ref/init.groovy.d/executors.groovy -> init.groovy.d/executors.groovy
/usr/share/jenkins/ref/init.groovy.d/tcp-slave-agent-port.groovy
 /usr/share/jenkins/ref/init.groovy.d/tcp-slave-agent-port.groovy -> init.groovy.d/tcp-slave-agent-port.groovy
--- Copying files at Sat Mar 19 00:29:30 UTC 2016
/usr/share/jenkins/ref/init.groovy.d/executors.groovy
 /usr/share/jenkins/ref/init.groovy.d/executors.groovy -> init.groovy.d/executors.groovy
/usr/share/jenkins/ref/init.groovy.d/tcp-slave-agent-port.groovy
 /usr/share/jenkins/ref/init.groovy.d/tcp-slave-agent-port.groovy -> init.groovy.d/tcp-slave-agent-port.groovy
--- Copying files at Sat Mar 19 00:32:36 UTC 2016
/usr/share/jenkins/ref/init.groovy.d/executors.groovy
 /usr/share/jenkins/ref/init.groovy.d/executors.groovy -> init.groovy.d/executors.groovy
/usr/share/jenkins/ref/init.groovy.d/tcp-slave-agent-port.groovy
 /usr/share/jenkins/ref/init.groovy.d/tcp-slave-agent-port.groovy -> init.groovy.d/tcp-slave-agent-port.groovy
--- Copying files at Sun Mar 20 13:33:43 UTC 2016
/usr/share/jenkins/ref/init.groovy.d/executors.groovy
 /usr/share/jenkins/ref/init.groovy.d/executors.groovy -> init.groovy.d/executors.groovy
/usr/share/jenkins/ref/init.groovy.d/tcp-slave-agent-port.groovy
 /usr/share/jenkins/ref/init.groovy.d/tcp-slave-agent-port.groovy -> init.groovy.d/tcp-slave-agent-port.groovy
--- Copying files at Sun Mar 20 13:42:54 UTC 2016
/usr/share/jenkins/ref/init.groovy.d/executors.groovy
 /usr/share/jenkins/ref/init.groovy.d/executors.groovy -> init.groovy.d/executors.groovy
/usr/share/jenkins/ref/init.groovy.d/tcp-slave-agent-port.groovy
 /usr/share/jenkins/ref/init.groovy.d/tcp-slave-agent-port.groovy -> init.groovy.d/tcp-slave-agent-port.groovy
--- Copying files at Sun Mar 20 13:44:55 UTC 2016
/usr/share/jenkins/ref/init.groovy.d/executors.groovy
 /usr/share/jenkins/ref/init.groovy.d/executors.groovy -> init.groovy.d/executors.groovy
/usr/share/jenkins/ref/init.groovy.d/tcp-slave-agent-port.groovy
 /usr/share/jenkins/ref/init.groovy.d/tcp-slave-agent-port.groovy -> init.groovy.d/tcp-slave-agent-port.groovy
--- Copying files at Sun Mar 20 13:51:34 UTC 2016
/usr/share/jenkins/ref/init.groovy.d/executors.groovy
 /usr/share/jenkins/ref/init.groovy.d/executors.groovy -> init.groovy.d/executors.groovy
/usr/share/jenkins/ref/init.groovy.d/tcp-slave-agent-port.groovy
 /usr/share/jenkins/ref/init.groovy.d/tcp-slave-agent-port.groovy -> init.groovy.d/tcp-slave-agent-port.groovy
--- Copying files at Sun Mar 20 13:59:53 UTC 2016
/usr/share/jenkins/ref/init.groovy.d/executors.groovy
 /usr/share/jenkins/ref/init.groovy.d/executors.groovy -> init.groovy.d/executors.groovy
/usr/share/jenkins/ref/init.groovy.d/tcp-slave-agent-port.groovy
 /usr/share/jenkins/ref/init.groovy.d/tcp-slave-agent-port.groovy -> init.groovy.d/tcp-slave-agent-port.groovy
--- Copying files at Sun Mar 20 14:04:26 UTC 2016
/usr/share/jenkins/ref/init.groovy.d/executors.groovy
 /usr/share/jenkins/ref/init.groovy.d/executors.groovy -> init.groovy.d/executors.groovy
/usr/share/jenkins/ref/init.groovy.d/tcp-slave-agent-port.groovy
 /usr/share/jenkins/ref/init.groovy.d/tcp-slave-agent-port.groovy -> init.groovy.d/tcp-slave-agent-port.groovy
--- Copying files at Sun Mar 20 14:09:03 UTC 2016
/usr/share/jenkins/ref/init.groovy.d/executors.groovy
 /usr/share/jenkins/ref/init.groovy.d/executors.groovy -> init.groovy.d/executors.groovy
/usr/share/jenkins/ref/init.groovy.d/tcp-slave-agent-port.groovy
 /usr/share/jenkins/ref/init.groovy.d/tcp-slave-agent-port.groovy -> init.groovy.d/tcp-slave-agent-port.groovy
--- Copying files at Sun Mar 20 14:10:19 UTC 2016
/usr/share/jenkins/ref/init.groovy.d/executors.groovy
 /usr/share/jenkins/ref/init.groovy.d/executors.groovy -> init.groovy.d/executors.groovy
/usr/share/jenkins/ref/init.groovy.d/tcp-slave-agent-port.groovy
 /usr/share/jenkins/ref/init.groovy.d/tcp-slave-agent-port.groovy -> init.groovy.d/tcp-slave-agent-port.groovy
